<?xml version="1.0" encoding="UTF-8"?>
<!-- Generated by org.testng.reporters.JUnitXMLReporter -->
<testsuite ignored="0" hostname="DESKTOP-O16ND8T" failures="6" tests="16" name="Test" time="764.599" errors="0" timestamp="2021-07-28T13:40:10 IST">
  <testcase classname="com.saucedemo.testcases.TC_Entitlement_StandardUser" name="Login_StandardUser" time="34.013"/>
  <testcase classname="com.saucedemo.testcases.TC_Entitlement_LockedOutUser" name="Login_LockedOutUser" time="3.415"/>
  <testcase classname="com.saucedemo.testcases.TC_Entitlement_PerformanceGlitchUser" name="Login_StandardUser" time="41.505"/>
  <testcase classname="com.saucedemo.testcases.TC_Entitlement_ProblemUser" name="Login_StandardUser" time="34.097"/>
  <testcase classname="com.saucedemo.testcases.TC_StandardUser_AddToCart" name="Login_StandardUser" time="48.599"/>
  <testcase classname="com.saucedemo.testcases.TC_StandadUser_AddToCartMultiple" name="StandardUser_Multiple" time="50.058"/>
  <testcase classname="com.saucedemo.testcases.TC_StandardUser_RemovingAndAddingInCart" name="StandardUser_Removing" time="49.327"/>
  <testcase classname="com.saucedemo.testcases.TC_ProblemUser_AddToCart" name="Login_ProblemUser" time="37.489">
    <failure type="java.lang.AssertionError" message="driver.findElement(text_error).getText() expected [true] but found [false]">
      <![CDATA[java.lang.AssertionError: driver.findElement(text_error).getText() expected [true] but found [false]
at com.saucedemo.pageObjects.Saucedemo_CheckOut.verify_ErrorMsg(Saucedemo_CheckOut.java:58)
at com.saucedemo.testcases.TC_ProblemUser_AddToCart.Login_ProblemUser(TC_ProblemUser_AddToCart.java:67)
at java.base/java.util.ArrayList.forEach(ArrayList.java:1507)
... Removed 30 stack frames]]>
    </failure>
  </testcase> <!-- Login_ProblemUser -->
  <testcase classname="com.saucedemo.testcases.TC_ProblemUser_AddToCartMultiple" name="ProblemUser" time="33.999">
    <failure type="java.lang.AssertionError" message="Cart count is not matching expected [true] but found [false]">
      <![CDATA[java.lang.AssertionError: Cart count is not matching expected [true] but found [false]
at com.saucedemo.pageObjects.Saucedemo_HomePage.verify_cartCount(Saucedemo_HomePage.java:238)
at com.saucedemo.testcases.TC_ProblemUser_AddToCartMultiple.ProblemUser(TC_ProblemUser_AddToCartMultiple.java:52)
at java.base/java.util.ArrayList.forEach(ArrayList.java:1507)
... Removed 30 stack frames]]>
    </failure>
  </testcase> <!-- ProblemUser -->
  <testcase classname="com.saucedemo.testcases.TC_ProblemUser_RemovingAndAddingInCart" name="Problemuser_Removing" time="34.0">
    <failure type="java.lang.AssertionError" message="Not Matching expected [true] but found [false]">
      <![CDATA[java.lang.AssertionError: Not Matching expected [true] but found [false]
at com.saucedemo.pageObjects.Saucedemo_Cart.verify_SelectedProductsAreShowing(Saucedemo_Cart.java:55)
at com.saucedemo.testcases.TC_ProblemUser_RemovingAndAddingInCart.Problemuser_Removing(TC_ProblemUser_RemovingAndAddingInCart.java:57)
at java.base/java.util.ArrayList.forEach(ArrayList.java:1507)
... Removed 30 stack frames]]>
    </failure>
  </testcase> <!-- Problemuser_Removing -->
  <testcase classname="com.saucedemo.testcases.TC_PerformanceGlitchUser_AddToCart" name="Login_PerformanceGlitchUser" time="58.776"/>
  <testcase classname="com.saucedemo.testcases.TC_PerformanceGlitchUser_AddToCartMultiple" name="PerformaceGlitchUser" time="59.132"/>
  <testcase classname="com.saucedemo.testcases.TC_PerformanceGlitchUser_RemovingAndAddingInCart" name="PerformanceGlitchUser_Removing" time="60.59"/>
  <testcase classname="com.saucedemo.testcases.TC_NegativeCase_Login" name="Login_StandardUser" time="2.602">
    <failure type="java.lang.AssertionError" message="Epic sadface: Username and password do not match any user in this service expected [true] but found [false]">
      <![CDATA[java.lang.AssertionError: Epic sadface: Username and password do not match any user in this service expected [true] but found [false]
at com.saucedemo.pageObjects.Saucedemo_Login.verify_ErrorMsg(Saucedemo_Login.java:61)
at com.saucedemo.testcases.TC_NegativeCase_Login.Login_StandardUser(TC_NegativeCase_Login.java:23)
at java.base/java.util.ArrayList.forEach(ArrayList.java:1507)
... Removed 30 stack frames]]>
    </failure>
  </testcase> <!-- Login_StandardUser -->
  <testcase classname="com.saucedemo.testcases.TC_NegativeCase_CheckOut" name="StandardUser_CheckOut_NC" time="64.678">
    <failure type="java.lang.AssertionError" message="Error Message is not Showing expected [true] but found [false]">
      <![CDATA[java.lang.AssertionError: Error Message is not Showing expected [true] but found [false]
at com.saucedemo.pageObjects.Saucedemo_CheckOut.verify_CheckOutErrorMsg(Saucedemo_CheckOut.java:74)
at com.saucedemo.testcases.TC_NegativeCase_CheckOut.StandardUser_CheckOut_NC(TC_NegativeCase_CheckOut.java:127)
at java.base/java.util.ArrayList.forEach(ArrayList.java:1507)
... Removed 30 stack frames]]>
    </failure>
  </testcase> <!-- StandardUser_CheckOut_NC -->
  <testcase classname="com.saucedemo.testcases.TC_NegativeCase_EmptyCart" name="EmptyCart" time="73.272">
    <failure type="java.lang.AssertionError" message="Cart is Empty expected [true] but found [false]">
      <![CDATA[java.lang.AssertionError: Cart is Empty expected [true] but found [false]
at com.saucedemo.pageObjects.Saucedemo_Cart.click_checkOut(Saucedemo_Cart.java:25)
at com.saucedemo.testcases.TC_NegativeCase_EmptyCart.EmptyCart(TC_NegativeCase_EmptyCart.java:58)
at java.base/java.util.ArrayList.forEach(ArrayList.java:1507)
... Removed 30 stack frames]]>
    </failure>
  </testcase> <!-- EmptyCart -->
</testsuite> <!-- Test -->
